<?xml version="1.0" encoding="UTF-8"?>
<testng-results skipped="0" failed="0" ignored="0" total="1" passed="1">
  <reporter-output>
  </reporter-output>
  <suite name="Suite" duration-ms="6620" started-at="2021-03-03T11:41:38 IST" finished-at="2021-03-03T11:41:45 IST">
    <groups>
    </groups>
    <test name="Test" duration-ms="6620" started-at="2021-03-03T11:41:38 IST" finished-at="2021-03-03T11:41:45 IST">
      <class name="com.OrangeHRM.HDFNet_Banking">
        <test-method status="PASS" signature="LaunchBrowser()[pri:0, instance:com.OrangeHRM.HDFNet_Banking@536aaa8d]" name="LaunchBrowser" is-config="true" duration-ms="5174" started-at="2021-03-03T11:41:38 IST" finished-at="2021-03-03T11:41:43 IST">
          <reporter-output>
          </reporter-output>
        </test-method> <!-- LaunchBrowser -->
        <test-method status="PASS" signature="EnterCustomerID()[pri:0, instance:com.OrangeHRM.HDFNet_Banking@536aaa8d]" name="EnterCustomerID" duration-ms="693" started-at="2021-03-03T11:41:43 IST" finished-at="2021-03-03T11:41:44 IST">
          <reporter-output>
          </reporter-output>
        </test-method> <!-- EnterCustomerID -->
        <test-method status="PASS" signature="CloseBrowser()[pri:0, instance:com.OrangeHRM.HDFNet_Banking@536aaa8d]" name="CloseBrowser" is-config="true" duration-ms="700" started-at="2021-03-03T11:41:44 IST" finished-at="2021-03-03T11:41:45 IST">
          <reporter-output>
          </reporter-output>
        </test-method> <!-- CloseBrowser -->
      </class> <!-- com.OrangeHRM.HDFNet_Banking -->
    </test> <!-- Test -->
  </suite> <!-- Suite -->
</testng-results>
